<?xml version="1.0" encoding="UTF-8"?>
<!-- Generated by org.testng.reporters.JUnitXMLReporter -->
<testsuite ignored="0" hostname="jadi" failures="0" tests="2" name="Default test" time="101.832" errors="0" timestamp="2021-12-15T17:09:32 IST">
  <testcase classname="com.vTiger.TCbase.TC003_CreateContactsBaseTest" name="CreateContact" time="19.217"/>
  <testcase classname="com.vTiger.TCbase.TC003_CreateContactsBaseTest" name="CreateContactwithOrg" time="37.201"/>
</testsuite> <!-- Default test -->
