<?xml version="1.0" encoding="UTF-8"?>
<!-- Generated by org.testng.reporters.JUnitXMLReporter -->
<testsuite ignored="6" hostname="jadi" failures="0" tests="3" name="Test" time="607.179" errors="0" timestamp="2021-12-07T12:22:00 IST">
  <testcase classname="com.vTiger.TCbase.TC003_CreateContactsbase" name="CreateContactwithOrg" time="104.73"/>
  <testcase classname="com.vTiger.TCbase.TC001_CreateOrgBase" name="createOrg" time="103.124"/>
  <testcase classname="com.vTiger.TCbase.TC002_CreateOrganizationFromBaseClass" name="createOrg" time="181.601"/>
  <testcase classname="com.Vtiger.genericUtil.BaseClass" name="@BeforeSuite setUp" time="0.0">
    <ignored/>
  </testcase> <!-- @BeforeSuite setUp -->
  <testcase classname="com.Vtiger.genericUtil.BaseClass" name="@BeforeSuite setUp" time="0.0">
    <ignored/>
  </testcase> <!-- @BeforeSuite setUp -->
  <testcase classname="com.vTiger.TCbase.TC003_CreateContactsbase" name="CreateContact" time="0.0">
    <ignored/>
  </testcase> <!-- CreateContact -->
  <testcase classname="com.vTiger.TCbase.TC001_CreateOrgBase" name="createOrgPhoneNumner" time="0.0">
    <ignored/>
  </testcase> <!-- createOrgPhoneNumner -->
  <testcase classname="com.Vtiger.genericUtil.BaseClass" name="@AfterSuite disconnectedfromDB" time="0.0">
    <ignored/>
  </testcase> <!-- @AfterSuite disconnectedfromDB -->
  <testcase classname="com.Vtiger.genericUtil.BaseClass" name="@AfterSuite disconnectedfromDB" time="0.0">
    <ignored/>
  </testcase> <!-- @AfterSuite disconnectedfromDB -->
</testsuite> <!-- Test -->
