<?xml version="1.0" encoding="UTF-8"?>
<!-- Generated by org.testng.reporters.JUnitXMLReporter -->
<testsuite ignored="7" hostname="jadi" failures="0" tests="2" name="Test" time="205.985" errors="0" timestamp="2021-12-16T11:04:34 IST">
  <testcase classname="com.vTiger.TCbase.TC001_CreateOrgBaseTest" name="createOrgPhoneNumner" time="97.255"/>
  <testcase classname="com.vTiger.TCbase.TC003_CreateContactsBaseTest" name="CreateContact" time="20.603"/>
  <testcase classname="com.Vtiger.genericUtil.BaseClass" name="@BeforeSuite setUp" time="0.0">
    <ignored/>
  </testcase> <!-- @BeforeSuite setUp -->
  <testcase classname="com.Vtiger.genericUtil.BaseClass" name="@BeforeSuite setUp" time="0.0">
    <ignored/>
  </testcase> <!-- @BeforeSuite setUp -->
  <testcase classname="com.vTiger.TCbase.TC002_CreateOrganizationFromBaseTest" name="createOrg" time="0.0">
    <ignored/>
  </testcase> <!-- createOrg -->
  <testcase classname="com.vTiger.TCbase.TC003_CreateContactsBaseTest" name="CreateContactwithOrg" time="0.0">
    <ignored/>
  </testcase> <!-- CreateContactwithOrg -->
  <testcase classname="com.vTiger.TCbase.TC001_CreateOrgBaseTest" name="createOrg" time="0.0">
    <ignored/>
  </testcase> <!-- createOrg -->
  <testcase classname="com.Vtiger.genericUtil.BaseClass" name="@AfterSuite disconnectedfromDB" time="0.0">
    <ignored/>
  </testcase> <!-- @AfterSuite disconnectedfromDB -->
  <testcase classname="com.Vtiger.genericUtil.BaseClass" name="@AfterSuite disconnectedfromDB" time="0.0">
    <ignored/>
  </testcase> <!-- @AfterSuite disconnectedfromDB -->
</testsuite> <!-- Test -->
