<?xml version="1.0" encoding="UTF-8"?>
<testng-results ignored="0" total="3" passed="3" failed="0" skipped="0">
  <reporter-output>
  </reporter-output>
  <suite started-at="2021-12-13T11:14:58 IST" name="Suite" finished-at="2021-12-13T11:18:21 IST" duration-ms="203366">
    <groups>
      <group name="regressiontesting">
        <method signature="TC001_CreateOrgBaseTest.createOrgPhoneNumner()[pri:0, instance:com.vTiger.TCbase.TC001_CreateOrgBaseTest@740cae06]" name="createOrgPhoneNumner" class="com.vTiger.TCbase.TC001_CreateOrgBaseTest"/>
      </group> <!-- regressiontesting -->
      <group name="smoketesting">
        <method signature="TC002_CreateOrganizationFromBaseTest.createOrg()[pri:0, instance:com.vTiger.TCbase.TC002_CreateOrganizationFromBaseTest@3527942a]" name="createOrg" class="com.vTiger.TCbase.TC002_CreateOrganizationFromBaseTest"/>
        <method signature="TC001_CreateOrgBaseTest.createOrg()[pri:0, instance:com.vTiger.TCbase.TC001_CreateOrgBaseTest@740cae06]" name="createOrg" class="com.vTiger.TCbase.TC001_CreateOrgBaseTest"/>
      </group> <!-- smoketesting -->
    </groups>
    <test started-at="2021-12-13T11:14:58 IST" name="TestRunner1" finished-at="2021-12-13T11:17:35 IST" duration-ms="157633">
      <class name="com.vTiger.TCbase.TC002_CreateOrganizationFromBaseTest">
        <test-method is-config="true" signature="LaunchBrower_URL()[pri:0, instance:com.vTiger.TCbase.TC002_CreateOrganizationFromBaseTest@3527942a]" started-at="2021-12-13T11:14:58 IST" name="LaunchBrower_URL" finished-at="2021-12-13T11:15:11 IST" duration-ms="13273" status="PASS">
          <reporter-output>
          </reporter-output>
        </test-method> <!-- LaunchBrower_URL -->
        <test-method is-config="true" signature="logintoApp()[pri:0, instance:com.vTiger.TCbase.TC002_CreateOrganizationFromBaseTest@3527942a]" started-at="2021-12-13T11:15:11 IST" name="logintoApp" finished-at="2021-12-13T11:15:23 IST" duration-ms="12070" status="PASS">
          <reporter-output>
          </reporter-output>
        </test-method> <!-- logintoApp -->
        <test-method signature="createOrg()[pri:0, instance:com.vTiger.TCbase.TC002_CreateOrganizationFromBaseTest@3527942a]" started-at="2021-12-13T11:15:23 IST" name="createOrg" finished-at="2021-12-13T11:17:23 IST" duration-ms="120218" status="PASS">
          <reporter-output>
          </reporter-output>
        </test-method> <!-- createOrg -->
        <test-method is-config="true" signature="logOutfromAppp()[pri:0, instance:com.vTiger.TCbase.TC002_CreateOrganizationFromBaseTest@3527942a]" started-at="2021-12-13T11:17:23 IST" name="logOutfromAppp" finished-at="2021-12-13T11:17:33 IST" duration-ms="9433" status="PASS">
          <reporter-output>
          </reporter-output>
        </test-method> <!-- logOutfromAppp -->
        <test-method is-config="true" signature="closeBrowser()[pri:0, instance:com.vTiger.TCbase.TC002_CreateOrganizationFromBaseTest@3527942a]" started-at="2021-12-13T11:17:33 IST" name="closeBrowser" finished-at="2021-12-13T11:17:35 IST" duration-ms="2563" status="PASS">
          <reporter-output>
          </reporter-output>
        </test-method> <!-- closeBrowser -->
      </class> <!-- com.vTiger.TCbase.TC002_CreateOrganizationFromBaseTest -->
    </test> <!-- TestRunner1 -->
    <test started-at="2021-12-13T11:14:58 IST" name="TestRunner2" finished-at="2021-12-13T11:18:21 IST" duration-ms="203366">
      <class name="com.vTiger.TCbase.TC001_CreateOrgBaseTest">
        <test-method is-config="true" signature="setUp()[pri:0, instance:com.vTiger.TCbase.TC001_CreateOrgBaseTest@740cae06]" started-at="2021-12-13T11:14:58 IST" name="setUp" finished-at="2021-12-13T11:14:58 IST" duration-ms="26" status="PASS">
          <reporter-output>
          </reporter-output>
        </test-method> <!-- setUp -->
        <test-method is-config="true" signature="LaunchBrower_URL()[pri:0, instance:com.vTiger.TCbase.TC001_CreateOrgBaseTest@740cae06]" started-at="2021-12-13T11:14:58 IST" name="LaunchBrower_URL" finished-at="2021-12-13T11:15:11 IST" duration-ms="12762" status="PASS">
          <reporter-output>
          </reporter-output>
        </test-method> <!-- LaunchBrower_URL -->
        <test-method is-config="true" signature="logintoApp()[pri:0, instance:com.vTiger.TCbase.TC001_CreateOrgBaseTest@740cae06]" started-at="2021-12-13T11:15:11 IST" name="logintoApp" finished-at="2021-12-13T11:15:22 IST" duration-ms="10890" status="PASS">
          <reporter-output>
          </reporter-output>
        </test-method> <!-- logintoApp -->
        <test-method signature="createOrg()[pri:0, instance:com.vTiger.TCbase.TC001_CreateOrgBaseTest@740cae06]" started-at="2021-12-13T11:15:22 IST" name="createOrg" finished-at="2021-12-13T11:16:53 IST" duration-ms="91580" status="PASS">
          <reporter-output>
          </reporter-output>
        </test-method> <!-- createOrg -->
        <test-method is-config="true" signature="logOutfromAppp()[pri:0, instance:com.vTiger.TCbase.TC001_CreateOrgBaseTest@740cae06]" started-at="2021-12-13T11:16:53 IST" name="logOutfromAppp" finished-at="2021-12-13T11:17:01 IST" duration-ms="8150" status="PASS">
          <reporter-output>
          </reporter-output>
        </test-method> <!-- logOutfromAppp -->
        <test-method is-config="true" signature="logintoApp()[pri:0, instance:com.vTiger.TCbase.TC001_CreateOrgBaseTest@740cae06]" started-at="2021-12-13T11:17:01 IST" name="logintoApp" finished-at="2021-12-13T11:17:10 IST" duration-ms="8778" status="PASS">
          <reporter-output>
          </reporter-output>
        </test-method> <!-- logintoApp -->
        <test-method signature="createOrgPhoneNumner()[pri:0, instance:com.vTiger.TCbase.TC001_CreateOrgBaseTest@740cae06]" started-at="2021-12-13T11:17:10 IST" name="createOrgPhoneNumner" finished-at="2021-12-13T11:18:12 IST" duration-ms="61646" status="PASS">
          <reporter-output>
          </reporter-output>
        </test-method> <!-- createOrgPhoneNumner -->
        <test-method is-config="true" signature="logOutfromAppp()[pri:0, instance:com.vTiger.TCbase.TC001_CreateOrgBaseTest@740cae06]" started-at="2021-12-13T11:18:12 IST" name="logOutfromAppp" finished-at="2021-12-13T11:18:19 IST" duration-ms="7704" status="PASS">
          <reporter-output>
          </reporter-output>
        </test-method> <!-- logOutfromAppp -->
        <test-method is-config="true" signature="closeBrowser()[pri:0, instance:com.vTiger.TCbase.TC001_CreateOrgBaseTest@740cae06]" started-at="2021-12-13T11:18:19 IST" name="closeBrowser" finished-at="2021-12-13T11:18:21 IST" duration-ms="1670" status="PASS">
          <reporter-output>
          </reporter-output>
        </test-method> <!-- closeBrowser -->
        <test-method is-config="true" signature="disconnectedfromDB()[pri:0, instance:com.vTiger.TCbase.TC001_CreateOrgBaseTest@740cae06]" started-at="2021-12-13T11:18:21 IST" name="disconnectedfromDB" finished-at="2021-12-13T11:18:21 IST" duration-ms="2" status="PASS">
          <reporter-output>
          </reporter-output>
        </test-method> <!-- disconnectedfromDB -->
      </class> <!-- com.vTiger.TCbase.TC001_CreateOrgBaseTest -->
    </test> <!-- TestRunner2 -->
  </suite> <!-- Suite -->
</testng-results>
