<?xml version="1.0" encoding="UTF-8"?>
<testng-results ignored="7" total="9" passed="2" failed="0" skipped="0">
  <reporter-output>
  </reporter-output>
  <suite started-at="2021-12-16T11:01:08 IST" name="Suite" finished-at="2021-12-16T11:04:34 IST" duration-ms="205985">
    <groups>
      <group name="regressiontesting">
        <method signature="TC001_CreateOrgBaseTest.createOrgPhoneNumner()[pri:0, instance:com.vTiger.TCbase.TC001_CreateOrgBaseTest@4686afc2]" name="createOrgPhoneNumner" class="com.vTiger.TCbase.TC001_CreateOrgBaseTest"/>
        <method signature="TC003_CreateContactsBaseTest.CreateContact()[pri:0, instance:com.vTiger.TCbase.TC003_CreateContactsBaseTest@1e0b4072]" name="CreateContact" class="com.vTiger.TCbase.TC003_CreateContactsBaseTest"/>
      </group> <!-- regressiontesting -->
    </groups>
    <test started-at="2021-12-16T11:01:08 IST" name="Test" finished-at="2021-12-16T11:04:34 IST" duration-ms="205985">
      <class name="com.vTiger.TCbase.TC001_CreateOrgBaseTest">
        <test-method is-config="true" signature="LaunchBrower_URL()[pri:0, instance:com.vTiger.TCbase.TC001_CreateOrgBaseTest@4686afc2]" started-at="2021-12-16T11:01:08 IST" name="LaunchBrower_URL" finished-at="2021-12-16T11:01:40 IST" duration-ms="31991" status="PASS">
          <reporter-output>
          </reporter-output>
        </test-method> <!-- LaunchBrower_URL -->
        <test-method is-config="true" signature="logintoApp()[pri:0, instance:com.vTiger.TCbase.TC001_CreateOrgBaseTest@4686afc2]" started-at="2021-12-16T11:01:40 IST" name="logintoApp" finished-at="2021-12-16T11:02:05 IST" duration-ms="24888" status="PASS">
          <reporter-output>
          </reporter-output>
        </test-method> <!-- logintoApp -->
        <test-method signature="createOrgPhoneNumner()[pri:0, instance:com.vTiger.TCbase.TC001_CreateOrgBaseTest@4686afc2]" started-at="2021-12-16T11:02:05 IST" name="createOrgPhoneNumner" finished-at="2021-12-16T11:03:42 IST" duration-ms="97255" status="PASS">
          <reporter-output>
          </reporter-output>
        </test-method> <!-- createOrgPhoneNumner -->
        <test-method is-config="true" signature="logOutfromAppp()[pri:0, instance:com.vTiger.TCbase.TC001_CreateOrgBaseTest@4686afc2]" started-at="2021-12-16T11:03:42 IST" name="logOutfromAppp" finished-at="2021-12-16T11:03:50 IST" duration-ms="8279" status="PASS">
          <reporter-output>
          </reporter-output>
        </test-method> <!-- logOutfromAppp -->
        <test-method is-config="true" signature="closeBrowser()[pri:0, instance:com.vTiger.TCbase.TC001_CreateOrgBaseTest@4686afc2]" started-at="2021-12-16T11:03:50 IST" name="closeBrowser" finished-at="2021-12-16T11:03:52 IST" duration-ms="1839" status="PASS">
          <reporter-output>
          </reporter-output>
        </test-method> <!-- closeBrowser -->
      </class> <!-- com.vTiger.TCbase.TC001_CreateOrgBaseTest -->
      <class name="com.vTiger.TCbase.TC002_CreateOrganizationFromBaseTest">
        <test-method is-config="true" signature="setUp()[pri:0, instance:com.vTiger.TCbase.TC002_CreateOrganizationFromBaseTest@25641d39]" started-at="2021-12-16T11:01:08 IST" name="setUp" finished-at="2021-12-16T11:01:08 IST" duration-ms="27" status="PASS">
          <reporter-output>
          </reporter-output>
        </test-method> <!-- setUp -->
        <test-method is-config="true" signature="disconnectedfromDB()[pri:0, instance:com.vTiger.TCbase.TC002_CreateOrganizationFromBaseTest@25641d39]" started-at="2021-12-16T11:04:34 IST" name="disconnectedfromDB" finished-at="2021-12-16T11:04:34 IST" duration-ms="0" status="PASS">
          <reporter-output>
          </reporter-output>
        </test-method> <!-- disconnectedfromDB -->
      </class> <!-- com.vTiger.TCbase.TC002_CreateOrganizationFromBaseTest -->
      <class name="com.vTiger.TCbase.TC003_CreateContactsBaseTest">
        <test-method is-config="true" signature="LaunchBrower_URL()[pri:0, instance:com.vTiger.TCbase.TC003_CreateContactsBaseTest@1e0b4072]" started-at="2021-12-16T11:03:52 IST" name="LaunchBrower_URL" finished-at="2021-12-16T11:03:57 IST" duration-ms="4584" status="PASS">
          <reporter-output>
          </reporter-output>
        </test-method> <!-- LaunchBrower_URL -->
        <test-method is-config="true" signature="logintoApp()[pri:0, instance:com.vTiger.TCbase.TC003_CreateContactsBaseTest@1e0b4072]" started-at="2021-12-16T11:03:57 IST" name="logintoApp" finished-at="2021-12-16T11:04:06 IST" duration-ms="8794" status="PASS">
          <reporter-output>
          </reporter-output>
        </test-method> <!-- logintoApp -->
        <test-method signature="CreateContact()[pri:0, instance:com.vTiger.TCbase.TC003_CreateContactsBaseTest@1e0b4072]" started-at="2021-12-16T11:04:06 IST" name="CreateContact" finished-at="2021-12-16T11:04:26 IST" duration-ms="20603" status="PASS">
          <reporter-output>
          </reporter-output>
        </test-method> <!-- CreateContact -->
        <test-method is-config="true" signature="logOutfromAppp()[pri:0, instance:com.vTiger.TCbase.TC003_CreateContactsBaseTest@1e0b4072]" started-at="2021-12-16T11:04:26 IST" name="logOutfromAppp" finished-at="2021-12-16T11:04:33 IST" duration-ms="6471" status="PASS">
          <reporter-output>
          </reporter-output>
        </test-method> <!-- logOutfromAppp -->
        <test-method is-config="true" signature="closeBrowser()[pri:0, instance:com.vTiger.TCbase.TC003_CreateContactsBaseTest@1e0b4072]" started-at="2021-12-16T11:04:33 IST" name="closeBrowser" finished-at="2021-12-16T11:04:34 IST" duration-ms="1125" status="PASS">
          <reporter-output>
          </reporter-output>
        </test-method> <!-- closeBrowser -->
      </class> <!-- com.vTiger.TCbase.TC003_CreateContactsBaseTest -->
    </test> <!-- Test -->
  </suite> <!-- Suite -->
</testng-results>
